<?xml version="1.0" encoding="UTF-8"?>
<testsuite xmlns:xsi="http://www.w3.org/2001/XMLSchema-instance" xsi:noNamespaceSchemaLocation="https://maven.apache.org/surefire/maven-surefire-plugin/xsd/surefire-test-report-3.0.xsd" version="3.0" name="com.portfolio.PortfolioBackendApplicationTests" time="5.988" tests="1" errors="0" skipped="0" failures="0">
  <properties>
[...]
</properties>
  <testcase name="contextLoads" classname="com.portfolio.PortfolioBackendApplicationTests" time="1.054">
    <system-out><![CDATA[17:09:42.831 [main] INFO org.springframework.test.context.support.AnnotationConfigContextLoaderUtils -- Could not detect default configuration classes for test class [com.portfolio.PortfolioBackendApplicationTests]: PortfolioBackendApplicationTests does not declare any static, non-private, non-final, nested classes annotated with @Configuration.
17:09:42.930 [main] INFO org.springframework.boot.test.context.SpringBootTestContextBootstrapper -- Found @SpringBootConfiguration com.portfolio.PortfolioBackendApplication for test class com.portfolio.PortfolioBackendApplicationTests

  .   ____          _            __ _ _
 /\\ / ___'_ __ _ _(_)_ __  __ _ \ \ \ \
( ( )\___ | '_ | '_| | '_ \/ _` | \ \ \ \
 \\/  ___)| |_)| | | | | || (_| |  ) ) ) )
  '  |____| .__|_| |_|_| |_\__, | / / / /
 =========|_|==============|___/=/_/_/_/
 :: Spring Boot ::                (v3.2.0)

2026-06-22T17:09:43.320+05:30  INFO 12632 --- [portfolio-backend] [           main] c.p.PortfolioBackendApplicationTests     : Starting PortfolioBackendApplicationTests using Java 21.0.10 with PID 12632 (started by Sai Pardeshi in C:\Users\Sai Pardeshi\Desktop\Portfolio\portfolio-backend)
2026-06-22T17:09:43.321+05:30  INFO 12632 --- [portfolio-backend] [           main] c.p.PortfolioBackendApplicationTests     : No active profile set, falling back to 1 default profile: "default"
2026-06-22T17:09:43.970+05:30  INFO 12632 --- [portfolio-backend] [           main] .s.d.r.c.RepositoryConfigurationDelegate : Bootstrapping Spring Data MongoDB repositories in DEFAULT mode.
2026-06-22T17:09:44.038+05:30  INFO 12632 --- [portfolio-backend] [           main] .s.d.r.c.RepositoryConfigurationDelegate : Finished Spring Data repository scanning in 63 ms. Found 2 MongoDB repository interfaces.
2026-06-22T17:09:44.664+05:30  INFO 12632 --- [portfolio-backend] [           main] org.mongodb.driver.client                : MongoClient with metadata {"driver": {"name": "mongo-java-driver|sync|spring-boot", "version": "4.11.1"}, "os": {"type": "Windows", "name": "Windows 11", "architecture": "amd64", "version": "10.0"}, "platform": "Java/Oracle Corporation/21.0.10+8-LTS-217"} created with settings MongoClientSettings{readPreference=primary, writeConcern=WriteConcern{w=null, wTimeout=null ms, journal=null}, retryWrites=true, retryReads=true, readConcern=ReadConcern{level=null}, credential=MongoCredential{mechanism=null, userName='pardeshisai12_db_user', source='admin', password=<hidden>, mechanismProperties=<hidden>}, transportSettings=null, streamFactoryFactory=null, commandListeners=[], codecRegistry=ProvidersCodecRegistry{codecProviders=[ValueCodecProvider{}, BsonValueCodecProvider{}, DBRefCodecProvider{}, DBObjectCodecProvider{}, DocumentCodecProvider{}, CollectionCodecProvider{}, IterableCodecProvider{}, MapCodecProvider{}, GeoJsonCodecProvider{}, GridFSFileCodecProvider{}, Jsr310CodecProvider{}, JsonObjectCodecProvider{}, BsonCodecProvider{}, EnumCodecProvider{}, com.mongodb.client.model.mql.ExpressionCodecProvider@7b2ccba5, com.mongodb.Jep395RecordCodecProvider@64f9f455, com.mongodb.KotlinCodecProvider@5d5a51b1]}, loggerSettings=LoggerSettings{maxDocumentLength=1000}, clusterSettings={hosts=[127.0.0.1:27017], srvHost=cluster0.hrjz3p4.mongodb.net, srvServiceName=mongodb, mode=MULTIPLE, requiredClusterType=REPLICA_SET, requiredReplicaSetName='atlas-11l57x-shard-0', serverSelector='null', clusterListeners='[]', serverSelectionTimeout='30000 ms', localThreshold='15 ms'}, socketSettings=SocketSettings{connectTimeoutMS=10000, readTimeoutMS=0, receiveBufferSize=0, proxySettings=ProxySettings{host=null, port=null, username=null, password=null}}, heartbeatSocketSettings=SocketSettings{connectTimeoutMS=10000, readTimeoutMS=10000, receiveBufferSize=0, proxySettings=ProxySettings{host=null, port=null, username=null, password=null}}, connectionPoolSettings=ConnectionPoolSettings{maxSize=100, minSize=0, maxWaitTimeMS=120000, maxConnectionLifeTimeMS=0, maxConnectionIdleTimeMS=0, maintenanceInitialDelayMS=0, maintenanceFrequencyMS=60000, connectionPoolListeners=[], maxConnecting=2}, serverSettings=ServerSettings{heartbeatFrequencyMS=10000, minHeartbeatFrequencyMS=500, serverListeners='[]', serverMonitorListeners='[]'}, sslSettings=SslSettings{enabled=true, invalidHostNameAllowed=false, context=null}, applicationName='null', compressorList=[], uuidRepresentation=JAVA_LEGACY, serverApi=null, autoEncryptionSettings=null, dnsClient=null, inetAddressResolver=null, contextProvider=null}
2026-06-22T17:09:44.816+05:30  INFO 12632 --- [portfolio-backend] [3p4.mongodb.net] org.mongodb.driver.cluster               : Adding discovered server ac-7ur181o-shard-00-00.hrjz3p4.mongodb.net:27017 to client view of cluster
2026-06-22T17:09:44.854+05:30  INFO 12632 --- [portfolio-backend] [3p4.mongodb.net] org.mongodb.driver.cluster               : Adding discovered server ac-7ur181o-shard-00-01.hrjz3p4.mongodb.net:27017 to client view of cluster
2026-06-22T17:09:44.857+05:30  INFO 12632 --- [portfolio-backend] [3p4.mongodb.net] org.mongodb.driver.cluster               : Adding discovered server ac-7ur181o-shard-00-02.hrjz3p4.mongodb.net:27017 to client view of cluster
>>> CORS Allowed Origins: [http://localhost:5173, http://localhost:3000]
2026-06-22T17:09:45.455+05:30  INFO 12632 --- [portfolio-backend] [ngodb.net:27017] org.mongodb.driver.cluster               : Monitor thread successfully connected to server with description ServerDescription{address=ac-7ur181o-shard-00-02.hrjz3p4.mongodb.net:27017, type=REPLICA_SET_SECONDARY, state=CONNECTED, ok=true, minWireVersion=0, maxWireVersion=25, maxDocumentSize=16777216, logicalSessionTimeoutMinutes=30, roundTripTimeNanos=353757200, setName='atlas-11l57x-shard-0', canonicalAddress=ac-7ur181o-shard-00-02.hrjz3p4.mongodb.net:27017, hosts=[ac-7ur181o-shard-00-00.hrjz3p4.mongodb.net:27017, ac-7ur181o-shard-00-01.hrjz3p4.mongodb.net:27017, ac-7ur181o-shard-00-02.hrjz3p4.mongodb.net:27017], passives=[], arbiters=[], primary='ac-7ur181o-shard-00-01.hrjz3p4.mongodb.net:27017', tagSet=TagSet{[Tag{name='availabilityZone', value='aps1-az2'}, Tag{name='cacheState', value='READY'}, Tag{name='diskState', value='READY'}, Tag{name='nodeType', value='ELECTABLE'}, Tag{name='provider', value='AWS'}, Tag{name='region', value='AP_SOUTH_1'}, Tag{name='workloadType', value='OPERATIONAL'}]}, electionId=null, setVersion=26, topologyVersion=TopologyVersion{processId=6a32aea9297fbb7fe90fde81, counter=3}, lastWriteDate=Mon Jun 22 17:09:45 IST 2026, lastUpdateTimeNanos=72144911405000}
2026-06-22T17:09:45.455+05:30  INFO 12632 --- [portfolio-backend] [ngodb.net:27017] org.mongodb.driver.cluster               : Monitor thread successfully connected to server with description ServerDescription{address=ac-7ur181o-shard-00-01.hrjz3p4.mongodb.net:27017, type=REPLICA_SET_PRIMARY, state=CONNECTED, ok=true, minWireVersion=0, maxWireVersion=25, maxDocumentSize=16777216, logicalSessionTimeoutMinutes=30, roundTripTimeNanos=363896400, setName='atlas-11l57x-shard-0', canonicalAddress=ac-7ur181o-shard-00-01.hrjz3p4.mongodb.net:27017, hosts=[ac-7ur181o-shard-00-00.hrjz3p4.mongodb.net:27017, ac-7ur181o-shard-00-01.hrjz3p4.mongodb.net:27017, ac-7ur181o-shard-00-02.hrjz3p4.mongodb.net:27017], passives=[], arbiters=[], primary='ac-7ur181o-shard-00-01.hrjz3p4.mongodb.net:27017', tagSet=TagSet{[Tag{name='availabilityZone', value='aps1-az3'}, Tag{name='cacheState', value='READY'}, Tag{name='diskState', value='READY'}, Tag{name='nodeType', value='ELECTABLE'}, Tag{name='provider', value='AWS'}, Tag{name='region', value='AP_SOUTH_1'}, Tag{name='workloadType', value='OPERATIONAL'}]}, electionId=7fffffff000000000000010c, setVersion=26, topologyVersion=TopologyVersion{processId=6a32acc7dae718659c2a7aba, counter=6}, lastWriteDate=Mon Jun 22 17:09:45 IST 2026, lastUpdateTimeNanos=72144911404900}
2026-06-22T17:09:45.455+05:30  INFO 12632 --- [portfolio-backend] [ngodb.net:27017] org.mongodb.driver.cluster               : Monitor thread successfully connected to server with description ServerDescription{address=ac-7ur181o-shard-00-00.hrjz3p4.mongodb.net:27017, type=REPLICA_SET_SECONDARY, state=CONNECTED, ok=true, minWireVersion=0, maxWireVersion=25, maxDocumentSize=16777216, logicalSessionTimeoutMinutes=30, roundTripTimeNanos=353727800, setName='atlas-11l57x-shard-0', canonicalAddress=ac-7ur181o-shard-00-00.hrjz3p4.mongodb.net:27017, hosts=[ac-7ur181o-shard-00-00.hrjz3p4.mongodb.net:27017, ac-7ur181o-shard-00-01.hrjz3p4.mongodb.net:27017, ac-7ur181o-shard-00-02.hrjz3p4.mongodb.net:27017], passives=[], arbiters=[], primary='ac-7ur181o-shard-00-01.hrjz3p4.mongodb.net:27017', tagSet=TagSet{[Tag{name='availabilityZone', value='aps1-az1'}, Tag{name='cacheState', value='READY'}, Tag{name='diskState', value='READY'}, Tag{name='nodeType', value='ELECTABLE'}, Tag{name='provider', value='AWS'}, Tag{name='region', value='AP_SOUTH_1'}, Tag{name='workloadType', value='OPERATIONAL'}]}, electionId=null, setVersion=26, topologyVersion=TopologyVersion{processId=6a32aab26d35879cd318e572, counter=4}, lastWriteDate=Mon Jun 22 17:09:45 IST 2026, lastUpdateTimeNanos=72144911404900}
2026-06-22T17:09:45.462+05:30  INFO 12632 --- [portfolio-backend] [ngodb.net:27017] org.mongodb.driver.cluster               : Discovered replica set primary ac-7ur181o-shard-00-01.hrjz3p4.mongodb.net:27017 with max election id 7fffffff000000000000010c and max set version 26
2026-06-22T17:09:45.544+05:30  INFO 12632 --- [portfolio-backend] [           main] o.s.s.web.DefaultSecurityFilterChain     : Will secure any request with [org.springframework.security.web.session.DisableEncodeUrlFilter@5dfc2a4, org.springframework.security.web.context.request.async.WebAsyncManagerIntegrationFilter@3120495d, org.springframework.security.web.context.SecurityContextHolderFilter@6b9697ae, org.springframework.security.web.header.HeaderWriterFilter@7d8b66d9, org.springframework.web.filter.CorsFilter@781c2497, org.springframework.security.web.authentication.logout.LogoutFilter@796c68bf, com.portfolio.security.JwtAuthFilter@b75b890, org.springframework.security.web.savedrequest.RequestCacheAwareFilter@40c76f5a, org.springframework.security.web.servletapi.SecurityContextHolderAwareRequestFilter@a323a5b, org.springframework.security.web.authentication.AnonymousAuthenticationFilter@70c491b8, org.springframework.security.web.session.SessionManagementFilter@2df3545d, org.springframework.security.web.access.ExceptionTranslationFilter@586843bc, org.springframework.security.web.access.intercept.AuthorizationFilter@4e4f4092]
2026-06-22T17:09:45.842+05:30  INFO 12632 --- [portfolio-backend] [           main] c.p.PortfolioBackendApplicationTests     : Started PortfolioBackendApplicationTests in 2.767 seconds (process running for 3.728)
]]></system-out>
    <system-err><![CDATA[WARNING: A Java agent has been loaded dynamically (C:\Users\Sai Pardeshi\.m2\repository\net\bytebuddy\byte-buddy-agent\1.14.10\byte-buddy-agent-1.14.10.jar)
WARNING: If a serviceability tool is in use, please run with -XX:+EnableDynamicAgentLoading to hide this warning
WARNING: If a serviceability tool is not in use, please run with -Djdk.instrument.traceUsage for more information
WARNING: Dynamic loading of agents will be disallowed by default in a future release
]]></system-err>
  </testcase>
</testsuite>